Using pre-set license
Built from '2021.1/staging' branch; Version is '2021.1.6f1 (c0fade0cc7e9) revision 12647134'; Using compiler version '192528614'; Build Type 'Release'
OS: 'Windows 10 Pro; OS build 19042.1526; Version 2009; 64bit' Language: 'de' Physical Memory: 32686 MB
BatchMode: 1, IsHumanControllingUs: 0, StartBugReporterOnCrash: 0, Is64bit: 1, IsPro: 0

 COMMAND LINE ARGUMENTS:
C:\Program Files\Unity\Hub\Editor\2021.1.6f1\Editor\Unity.exe
-adb2
-batchMode
-noUpm
-name
AssetImportWorker0
-projectPath
E:/Dennis/GameDev/eSportManager/eSportManager/eSports Manager
-logFile
Logs/AssetImportWorker0.log
-srvPort
61831
Successfully changed project path to: E:/Dennis/GameDev/eSportManager/eSportManager/eSports Manager
E:/Dennis/GameDev/eSportManager/eSportManager/eSports Manager
Using Asset Import Pipeline V2.
Refreshing native plugins compatible for Editor in 26.54 ms, found 0 plugins.
Preloading 0 native plugins for Editor in 0.00 ms.
Initialize engine version: 2021.1.6f1 (c0fade0cc7e9)
[Subsystems] Discovering subsystems at path C:/Program Files/Unity/Hub/Editor/2021.1.6f1/Editor/Data/Resources/UnitySubsystems
[Subsystems] Discovering subsystems at path E:/Dennis/GameDev/eSportManager/eSportManager/eSports Manager/Assets
GfxDevice: creating device client; threaded=0; jobified=0
Direct3D:
    Version:  Direct3D 11.0 [level 11.1]
    Renderer: NVIDIA GeForce RTX 2080 Ti (ID=0x1e07)
    Vendor:   NVIDIA
    VRAM:     11049 MB
    Driver:   30.0.14.9649
Initialize mono
Mono path[0] = 'C:/Program Files/Unity/Hub/Editor/2021.1.6f1/Editor/Data/Managed'
Mono path[1] = 'C:/Program Files/Unity/Hub/Editor/2021.1.6f1/Editor/Data/MonoBleedingEdge/lib/mono/unityjit'
Mono config path = 'C:/Program Files/Unity/Hub/Editor/2021.1.6f1/Editor/Data/MonoBleedingEdge/etc'
Using monoOptions --debugger-agent=transport=dt_socket,embedding=1,server=y,suspend=n,address=127.0.0.1:56752
Begin MonoManager ReloadAssembly
Registering precompiled unity dll's ...
Register platform support module: C:/Program Files/Unity/Hub/Editor/2021.1.6f1/Editor/Data/PlaybackEngines/MacStandaloneSupport/UnityEditor.OSXStandalone.Extensions.dll
Register platform support module: C:/Program Files/Unity/Hub/Editor/2021.1.6f1/Editor/Data/PlaybackEngines/WindowsStandaloneSupport/UnityEditor.WindowsStandalone.Extensions.dll
Registered in 0.002349 seconds.
Native extension for WindowsStandalone target not found
Native extension for OSXStandalone target not found
Refreshing native plugins compatible for Editor in 27.08 ms, found 0 plugins.
Preloading 0 native plugins for Editor in 0.00 ms.
Mono: successfully reloaded assembly
- Completed reload, in  1.087 seconds
Platform modules already initialized, skipping
Registering precompiled user dll's ...
Registered in 0.001357 seconds.
Begin MonoManager ReloadAssembly
Native extension for WindowsStandalone target not found
Native extension for OSXStandalone target not found
Refreshing native plugins compatible for Editor in 0.30 ms, found 0 plugins.
Preloading 0 native plugins for Editor in 0.00 ms.
Mono: successfully reloaded assembly
- Completed reload, in  0.667 seconds
Platform modules already initialized, skipping
========================================================================
Worker process is ready to serve import requests
Launched and connected shader compiler UnityShaderCompiler.exe after 0.04 seconds
Refreshing native plugins compatible for Editor in 0.53 ms, found 0 plugins.
Preloading 0 native plugins for Editor in 0.00 ms.
Unloading 1312 Unused Serialized files (Serialized files now loaded: 0)
System memory in use before: 67.4 MB.
System memory in use after: 67.5 MB.

Unloading 15 unused Assets to reduce memory usage. Loaded Objects now: 1782.
Total: 1.737700 ms (FindLiveObjects: 0.115900 ms CreateObjectMapping: 0.032300 ms MarkObjects: 1.539700 ms  DeleteObjects: 0.049100 ms)

========================================================================
Received Import Request.
  path: Assets/Prefabs/Orgs
  artifactKey: Guid(cee7c7114c10e6f479943e3fde70535e) Importer(815301076,1909f56bfc062723c751e8b465ee728b)
Start importing Assets/Prefabs/Orgs using Guid(cee7c7114c10e6f479943e3fde70535e) Importer(815301076,1909f56bfc062723c751e8b465ee728b)  -> (artifact id: 'c7f999a05605dc2dbb7c89c055e3d530') in 0.006662 seconds 
========================================================================
Received Import Request.
  Time since last request: 0.000227 seconds.
  path: Assets/Prefabs/Orgs/2 Team Nigma
  artifactKey: Guid(4f41681b56c8d104a8ad5b9219a6d50d) Importer(815301076,1909f56bfc062723c751e8b465ee728b)
Start importing Assets/Prefabs/Orgs/2 Team Nigma using Guid(4f41681b56c8d104a8ad5b9219a6d50d) Importer(815301076,1909f56bfc062723c751e8b465ee728b)  -> (artifact id: 'f0ffabf29869890726c0620e4c07637d') in 0.006571 seconds 
========================================================================
Received Import Request.
  Time since last request: 4.992166 seconds.
  path: Assets/Prefabs/Orgs/3 Alliance
  artifactKey: Guid(ea30417ef2553a8469a9954072cde9db) Importer(815301076,1909f56bfc062723c751e8b465ee728b)
Start importing Assets/Prefabs/Orgs/3 Alliance using Guid(ea30417ef2553a8469a9954072cde9db) Importer(815301076,1909f56bfc062723c751e8b465ee728b)  -> (artifact id: '45ef448b164c35b2718b46b8aaced18a') in 0.005116 seconds 
========================================================================
Received Import Request.
  Time since last request: 6.988315 seconds.
  path: Assets/Prefabs/Orgs/16 Team Liquid
  artifactKey: Guid(91de4726251ed16428263187bb4b3594) Importer(815301076,1909f56bfc062723c751e8b465ee728b)
Start importing Assets/Prefabs/Orgs/16 Team Liquid using Guid(91de4726251ed16428263187bb4b3594) Importer(815301076,1909f56bfc062723c751e8b465ee728b)  -> (artifact id: '988de9358acc0e633ac103d41e153ff2') in 0.005567 seconds 
========================================================================
Received Import Request.
  Time since last request: 8.158639 seconds.
  path: Assets/Prefabs/OrgElements
  artifactKey: Guid(a43b798aa67cce14fabfc6652a5abc03) Importer(815301076,1909f56bfc062723c751e8b465ee728b)
Start importing Assets/Prefabs/OrgElements using Guid(a43b798aa67cce14fabfc6652a5abc03) Importer(815301076,1909f56bfc062723c751e8b465ee728b)  -> (artifact id: 'ff656c01efa906aec7a5f1f88948695d') in 0.004134 seconds 
========================================================================
Received Prepare
Registering precompiled user dll's ...
Registered in 0.001571 seconds.
Begin MonoManager ReloadAssembly
Native extension for WindowsStandalone target not found
Native extension for OSXStandalone target not found
Refreshing native plugins compatible for Editor in 0.31 ms, found 0 plugins.
Preloading 0 native plugins for Editor in 0.00 ms.
Mono: successfully reloaded assembly
- Completed reload, in  0.727 seconds
Platform modules already initialized, skipping
Refreshing native plugins compatible for Editor in 0.30 ms, found 0 plugins.
Preloading 0 native plugins for Editor in 0.00 ms.
Unloading 1296 Unused Serialized files (Serialized files now loaded: 0)
System memory in use before: 66.3 MB.
System memory in use after: 66.4 MB.

Unloading 6 unused Assets to reduce memory usage. Loaded Objects now: 1785.
Total: 1.692100 ms (FindLiveObjects: 0.245200 ms CreateObjectMapping: 0.071200 ms MarkObjects: 1.364400 ms  DeleteObjects: 0.010700 ms)

AssetImportWorkerClient::OnTransportError - code=2 error=End of file
